<?xml version="1.0" encoding="UTF-8"?>
<testng-results skipped="0" failed="1" ignored="0" total="5" passed="4">
  <reporter-output>
  </reporter-output>
  <suite name="Default suite" duration-ms="16072" started-at="2018-06-27T03:21:10Z" finished-at="2018-06-27T03:21:27Z">
    <groups>
    </groups>
    <test name="Default test" duration-ms="16072" started-at="2018-06-27T03:21:10Z" finished-at="2018-06-27T03:21:27Z">
      <class name="mockaroo.MockarooDataValidation">
        <test-method status="PASS" signature="setUp()[pri:0, instance:mockaroo.MockarooDataValidation@39c0f4a]" name="setUp" is-config="true" duration-ms="4183" started-at="2018-06-27T03:21:10Z" finished-at="2018-06-27T03:21:15Z">
          <reporter-output>
          </reporter-output>
        </test-method> <!-- setUp -->
        <test-method status="PASS" signature="verifyTitle()[pri:1, instance:mockaroo.MockarooDataValidation@39c0f4a]" name="verifyTitle" duration-ms="92" started-at="2018-06-27T03:21:15Z" finished-at="2018-06-27T03:21:15Z">
          <reporter-output>
          </reporter-output>
        </test-method> <!-- verifyTitle -->
        <test-method status="PASS" signature="verifyHeader()[pri:2, instance:mockaroo.MockarooDataValidation@39c0f4a]" name="verifyHeader" duration-ms="383" started-at="2018-06-27T03:21:15Z" finished-at="2018-06-27T03:21:15Z">
          <reporter-output>
          </reporter-output>
        </test-method> <!-- verifyHeader -->
        <test-method status="PASS" signature="verifyTableHeader()[pri:3, instance:mockaroo.MockarooDataValidation@39c0f4a]" name="verifyTableHeader" duration-ms="250" started-at="2018-06-27T03:21:15Z" finished-at="2018-06-27T03:21:15Z">
          <reporter-output>
          </reporter-output>
        </test-method> <!-- verifyTableHeader -->
        <test-method status="PASS" signature="creatingFields()[pri:4, instance:mockaroo.MockarooDataValidation@39c0f4a]" name="creatingFields" duration-ms="10954" started-at="2018-06-27T03:21:15Z" finished-at="2018-06-27T03:21:26Z">
          <reporter-output>
          </reporter-output>
        </test-method> <!-- creatingFields -->
        <test-method status="FAIL" signature="verifyDownloadedData()[pri:5, instance:mockaroo.MockarooDataValidation@39c0f4a]" name="verifyDownloadedData" duration-ms="1" started-at="2018-06-27T03:21:26Z" finished-at="2018-06-27T03:21:26Z">
          <exception class="java.io.FileNotFoundException">
            <message>
              <![CDATA[C:/Users/obeyd/Downloads/MOCK_DATA.csv (No such file or directory)]]>
            </message>
            <full-stacktrace>
              <![CDATA[java.io.FileNotFoundException: C:/Users/obeyd/Downloads/MOCK_DATA.csv (No such file or directory)
at java.io.FileInputStream.open0(Native Method)
at java.io.FileInputStream.open(FileInputStream.java:195)
at java.io.FileInputStream.<init>(FileInputStream.java:138)
at java.io.FileInputStream.<init>(FileInputStream.java:93)
at java.io.FileReader.<init>(FileReader.java:58)
at mockaroo.MockarooDataValidation.loadLists(MockarooDataValidation.java:194)
at mockaroo.MockarooDataValidation.verifyDownloadedData(MockarooDataValidation.java:106)
at sun.reflect.NativeMethodAccessorImpl.invoke0(Native Method)
at sun.reflect.NativeMethodAccessorImpl.invoke(NativeMethodAccessorImpl.java:62)
at sun.reflect.DelegatingMethodAccessorImpl.invoke(DelegatingMethodAccessorImpl.java:43)
at java.lang.reflect.Method.invoke(Method.java:498)
at org.testng.internal.MethodInvocationHelper.invokeMethod(MethodInvocationHelper.java:124)
at org.testng.internal.Invoker.invokeMethod(Invoker.java:583)
at org.testng.internal.Invoker.invokeTestMethod(Invoker.java:719)
at org.testng.internal.Invoker.invokeTestMethods(Invoker.java:989)
at org.testng.internal.TestMethodWorker.invokeTestMethods(TestMethodWorker.java:125)
at org.testng.internal.TestMethodWorker.run(TestMethodWorker.java:109)
at org.testng.TestRunner.privateRun(TestRunner.java:648)
at org.testng.TestRunner.run(TestRunner.java:505)
at org.testng.SuiteRunner.runTest(SuiteRunner.java:455)
at org.testng.SuiteRunner.runSequentially(SuiteRunner.java:450)
at org.testng.SuiteRunner.privateRun(SuiteRunner.java:415)
at org.testng.SuiteRunner.run(SuiteRunner.java:364)
at org.testng.SuiteRunnerWorker.runSuite(SuiteRunnerWorker.java:52)
at org.testng.SuiteRunnerWorker.run(SuiteRunnerWorker.java:84)
at org.testng.TestNG.runSuitesSequentially(TestNG.java:1208)
at org.testng.TestNG.runSuitesLocally(TestNG.java:1137)
at org.testng.TestNG.runSuites(TestNG.java:1049)
at org.testng.TestNG.run(TestNG.java:1017)
at org.testng.remote.AbstractRemoteTestNG.run(AbstractRemoteTestNG.java:114)
at org.testng.remote.RemoteTestNG.initAndRun(RemoteTestNG.java:251)
at org.testng.remote.RemoteTestNG.main(RemoteTestNG.java:77)
]]>
            </full-stacktrace>
          </exception> <!-- java.io.FileNotFoundException -->
          <reporter-output>
          </reporter-output>
        </test-method> <!-- verifyDownloadedData -->
        <test-method status="PASS" signature="tearDown()[pri:0, instance:mockaroo.MockarooDataValidation@39c0f4a]" name="tearDown" is-config="true" duration-ms="178" started-at="2018-06-27T03:21:26Z" finished-at="2018-06-27T03:21:27Z">
          <reporter-output>
          </reporter-output>
        </test-method> <!-- tearDown -->
      </class> <!-- mockaroo.MockarooDataValidation -->
    </test> <!-- Default test -->
  </suite> <!-- Default suite -->
</testng-results>
